C51 COMPILER V9.01   LCD_SHOW                                                              10/04/2019 18:17:36 PAGE 1   


C51 COMPILER V9.01, COMPILATION OF MODULE LCD_SHOW
OBJECT MODULE PLACED IN lcd_show.OBJ
COMPILER INVOKED BY: D:\keil 4\C51\BIN\C51.EXE lcd_show.c BROWSE DEBUG OBJECTEXTEND

line level    source

   1          
   2          #include<reg51.h>
   3          #include<lcd_show.h>
   4          #include<intrins.h>
   5          #include<delay.h>
   6          
   7           /* 写数据 */
   8          
   9          bit Busy()
  10          {
  11   1              bit busy_flag = 0;
  12   1              RS = 0;
  13   1              RW = 1;
  14   1              E = 1;
  15   1              delay(5);
  16   1              busy_flag = (bit)(P0 & 0x80);
  17   1              E = 0;
  18   1              return busy_flag;
  19   1      }
  20          
  21          void wdata(uchar del)
  22          {
  23   1           while(Busy());
  24   1              RS = 1;
  25   1              RW = 0;
  26   1              E = 0;
  27   1              delay(5);
  28   1              P0 = del;
  29   1              delay(5);
  30   1              E = 1;
  31   1              delay(5);
  32   1              E = 0;
  33   1      }
  34          
  35           /* 写指令 */
  36          void wcmd(uchar del)
  37          {
  38   1          while(Busy());
  39   1              RS = 0;
  40   1              RW = 0;
  41   1              E = 0;
  42   1              delay(5);
  43   1              P0 = del;
  44   1              delay(5);
  45   1              E = 1;
  46   1              delay(5);
  47   1              E = 0;
  48   1      }
  49           /* 初始化LCD */
  50          void L1602_init(void)
  51          {
  52   1              wcmd(0x38);
  53   1              wcmd(0x0c);
  54   1              wcmd(0x06);
  55   1              wcmd(0x01);
C51 COMPILER V9.01   LCD_SHOW                                                              10/04/2019 18:17:36 PAGE 2   

  56   1      }
  57          
  58          void L1602_char(uchar hang,uchar lie,char sign)
  59          {
  60   1              uchar a;
  61   1              if(hang == 0) a= 0x80;
  62   1              else if(hang == 1) a = 0xc0;
  63   1              else return;
  64   1              a = a + lie;
  65   1              wcmd(a);
  66   1              wdata(sign);
  67   1      }
  68          
  69          void L1602_string(uchar hang,uchar lie,uchar *p)
  70          {
  71   1              uchar a,b=0;
  72   1              if(hang == 0) a = 0x80;
  73   1              if(hang == 1) a = 0xc0;
  74   1              a = a + lie;
  75   1              while(1)
  76   1              {
  77   2                      wcmd(a++);
  78   2                      b++;
  79   2                      if((*p == '\0')||(b==17)) break;
  80   2                              wdata(*p);
  81   2                      p++;
  82   2              }
  83   1      }
  84          void dis_num(uchar hang,uchar lie,uchar digits,int n)
  85          {
  86   1              uchar c;
  87   1              char i;
  88   1              for (i = digits - 1; i >= 0; i--)
  89   1              {
  90   2                      c = n % 10 + '0';
  91   2                      L1602_char(hang,lie + i,c);
  92   2                      n /= 10;
  93   2              }
  94   1      }
  95          void LCD_clear(void)
  96          {
  97   1      //LCD_write_com(0x01);
  98   1      wcmd(0x01);
  99   1      delay(5);
 100   1      }
 101          


MODULE INFORMATION:   STATIC OVERLAYABLE
   CODE SIZE        =    307    ----
   CONSTANT SIZE    =   ----    ----
   XDATA SIZE       =   ----    ----
   PDATA SIZE       =   ----    ----
   DATA SIZE        =   ----      16
   IDATA SIZE       =   ----    ----
   BIT SIZE         =   ----       1
END OF MODULE INFORMATION.


C51 COMPILATION COMPLETE.  0 WARNING(S),  0 ERROR(S)
