C51 COMPILER V9.01   PID                                                                   10/10/2019 23:35:47 PAGE 1   


C51 COMPILER V9.01, COMPILATION OF MODULE PID
OBJECT MODULE PLACED IN pid.OBJ
COMPILER INVOKED BY: D:\keil 4\C51\BIN\C51.EXE pid.c BROWSE DEBUG OBJECTEXTEND

line level    source

   1          #include<reg51.h>
   2          #include<pid.h>
   3          
   4          struct mPID M_Pid;
   5          
   6          int Motor_Max = 100;
   7          int Motor_Min = 0;
   8          
   9          int PID_realize1(int speed) 
  10          {    
  11   1              float incrementValue;
  12   1              M_Pid.err = speed;
  13   1              //增量式pid公式
  14   1              incrementValue = M_Pid.Kp*(M_Pid.err - M_Pid.err_last) 
  15   1                      + M_Pid.Ki*M_Pid.err + 
  16   1                      M_Pid.Kd*(M_Pid.err - 2 * M_Pid.err_last + M_Pid.err_prev);
  17   1      
  18   1              M_Pid.err_prev = M_Pid.err_last;
  19   1              M_Pid.err_last = M_Pid.err;
  20   1              
  21   1              if(incrementValue > Motor_Max)       
  22   1                      incrementValue = Motor_Max; 
  23   1              else if( incrementValue < Motor_Min)     
  24   1                      incrementValue = Motor_Min;    
  25   1                                           
  26   1              return incrementValue;       
  27   1      } 
  28          
  29          void PID_init() 
  30          {   //KP = 2 ki =5 kd = 2
  31   1              M_Pid.err = 0.0;
  32   1              M_Pid.err_prev = 0.0;
  33   1              M_Pid.err_last = 0.0;
  34   1              M_Pid.Kp = 0;
  35   1              M_Pid.Ki = 0;
  36   1              M_Pid.Kd = 0;
  37   1      } 
  38          
  39          


MODULE INFORMATION:   STATIC OVERLAYABLE
   CODE SIZE        =    313    ----
   CONSTANT SIZE    =   ----    ----
   XDATA SIZE       =   ----    ----
   PDATA SIZE       =   ----    ----
   DATA SIZE        =     28       4
   IDATA SIZE       =   ----    ----
   BIT SIZE         =   ----    ----
END OF MODULE INFORMATION.


C51 COMPILATION COMPLETE.  0 WARNING(S),  0 ERROR(S)
