C51 COMPILER V9.01   TLC2543                                                               10/04/2019 18:17:37 PAGE 1   


C51 COMPILER V9.01, COMPILATION OF MODULE TLC2543
OBJECT MODULE PLACED IN tlc2543.OBJ
COMPILER INVOKED BY: D:\keil 4\C51\BIN\C51.EXE tlc2543.c BROWSE DEBUG OBJECTEXTEND

line level    source

   1          
   2          #include<reg51.h>
   3          #include<tlc2543.h>
   4          #include<delay.h>
   5          
   6          uint read2543(uchar port) 
   7          {
   8   1              uint ad=0,i;
   9   1          CLOCK=0;  
  10   1          _CS=0;  
  11   1          port<<=4;  
  12   1          for(i=0;i<12;i++)   
  13   1          {     
  14   2                if(D_OUT)             
  15   2                              ad|=0x01;     
  16   2                      D_IN=(bit)(port&0x80);              
  17   2                      CLOCK=1;       
  18   2                      delay(10);       
  19   2                      CLOCK=0;       
  20   2                      delay(10);       
  21   2                      port<<=1;       
  22   2                      ad<<=1;   
  23   2              }  
  24   1              _CS=1;  
  25   1              ad>>=1;  
  26   1              return(ad); 
  27   1      }


MODULE INFORMATION:   STATIC OVERLAYABLE
   CODE SIZE        =    103    ----
   CONSTANT SIZE    =   ----    ----
   XDATA SIZE       =   ----    ----
   PDATA SIZE       =   ----    ----
   DATA SIZE        =   ----       5
   IDATA SIZE       =   ----    ----
   BIT SIZE         =   ----    ----
END OF MODULE INFORMATION.


C51 COMPILATION COMPLETE.  0 WARNING(S),  0 ERROR(S)
